<?xml version="1.0" encoding="UTF-8"?>
<coverage generated="1675777830307" clover="3.2.0">
  <project timestamp="1675777830307" name="All files">
    <metrics statements="29" coveredstatements="25" conditionals="2" coveredconditionals="1" methods="2" coveredmethods="2" elements="33" coveredelements="28" complexity="0" loc="29" ncloc="29" packages="2" files="3" classes="3"/>
    <package name="environement">
      <metrics statements="2" coveredstatements="2" conditionals="0" coveredconditionals="0" methods="0" coveredmethods="0"/>
      <file name="environement.ts" path="/home/mircea/Desktop/universita/terzoAnno/ingegneria del software/progetto/proof-of-concept/proof-of-concept/API/SWEG-Traduzioni-api/src/environement/environement.ts">
        <metrics statements="2" coveredstatements="2" conditionals="0" coveredconditionals="0" methods="0" coveredmethods="0"/>
        <line num="58" count="1" type="stmt"/>
        <line num="88" count="1" type="stmt"/>
      </file>
    </package>
    <package name="services">
      <metrics statements="27" coveredstatements="23" conditionals="2" coveredconditionals="1" methods="2" coveredmethods="2"/>
      <file name="dbConnection.ts" path="/home/mircea/Desktop/universita/terzoAnno/ingegneria del software/progetto/proof-of-concept/proof-of-concept/API/SWEG-Traduzioni-api/src/services/dbConnection.ts">
        <metrics statements="10" coveredstatements="9" conditionals="2" coveredconditionals="1" methods="0" coveredmethods="0"/>
        <line num="1" count="1" type="stmt"/>
        <line num="2" count="1" type="stmt"/>
        <line num="9" count="1" type="cond" truecount="1" falsecount="1"/>
        <line num="10" count="0" type="stmt"/>
        <line num="17" count="1" type="stmt"/>
        <line num="25" count="1" type="stmt"/>
        <line num="27" count="1" type="stmt"/>
        <line num="36" count="1" type="stmt"/>
        <line num="42" count="1" type="stmt"/>
        <line num="47" count="1" type="stmt"/>
      </file>
      <file name="dbtest.ts" path="/home/mircea/Desktop/universita/terzoAnno/ingegneria del software/progetto/proof-of-concept/proof-of-concept/API/SWEG-Traduzioni-api/src/services/dbtest.ts">
        <metrics statements="17" coveredstatements="14" conditionals="0" coveredconditionals="0" methods="2" coveredmethods="2"/>
        <line num="1" count="1" type="stmt"/>
        <line num="2" count="1" type="stmt"/>
        <line num="4" count="1" type="stmt"/>
        <line num="9" count="1" type="stmt"/>
        <line num="13" count="1" type="stmt"/>
        <line num="15" count="1" type="stmt"/>
        <line num="16" count="1" type="stmt"/>
        <line num="18" count="0" type="stmt"/>
        <line num="20" count="1" type="stmt"/>
        <line num="22" count="1" type="stmt"/>
        <line num="24" count="1" type="stmt"/>
        <line num="28" count="1" type="stmt"/>
        <line num="29" count="1" type="stmt"/>
        <line num="30" count="1" type="stmt"/>
        <line num="32" count="0" type="stmt"/>
        <line num="33" count="0" type="stmt"/>
        <line num="36" count="1" type="stmt"/>
      </file>
    </package>
  </project>
</coverage>
