{"/home/mircea/Desktop/universita/terzoAnno/ingegneria del software/progetto/proof-of-concept/proof-of-concept/API/SWEG-Traduzioni-api/src/environement/environement.ts": {"path":"/home/mircea/Desktop/universita/terzoAnno/ingegneria del software/progetto/proof-of-concept/proof-of-concept/API/SWEG-Traduzioni-api/src/environement/environement.ts","statementMap":{"0":{"start":{"line":58,"column":33},"end":{"line":86,"column":2}},"1":{"start":{"line":88,"column":9},"end":{"line":88,"column":20}}},"fnMap":{},"branchMap":{},"s":{"0":1,"1":1},"f":{},"b":{}}
,"/home/mircea/Desktop/universita/terzoAnno/ingegneria del software/progetto/proof-of-concept/proof-of-concept/API/SWEG-Traduzioni-api/src/services/dbConnection.ts": {"path":"/home/mircea/Desktop/universita/terzoAnno/ingegneria del software/progetto/proof-of-concept/proof-of-concept/API/SWEG-Traduzioni-api/src/services/dbConnection.ts","statementMap":{"0":{"start":{"line":1,"column":0},"end":{"line":1,"column":58}},"1":{"start":{"line":2,"column":0},"end":{"line":2,"column":null}},"2":{"start":{"line":9,"column":0},"end":{"line":23,"column":null}},"3":{"start":{"line":10,"column":4},"end":{"line":15,"column":null}},"4":{"start":{"line":17,"column":4},"end":{"line":22,"column":null}},"5":{"start":{"line":25,"column":13},"end":{"line":25,"column":53}},"6":{"start":{"line":27,"column":24},"end":{"line":34,"column":2}},"7":{"start":{"line":36,"column":26},"end":{"line":39,"column":2}},"8":{"start":{"line":42,"column":21},"end":{"line":45,"column":2}},"9":{"start":{"line":47,"column":9},"end":{"line":47,"column":21}}},"fnMap":{},"branchMap":{"0":{"loc":{"start":{"line":9,"column":0},"end":{"line":23,"column":null}},"type":"if","locations":[{"start":{"line":9,"column":0},"end":{"line":23,"column":null}},{"start":{"line":16,"column":7},"end":{"line":23,"column":null}}]}},"s":{"0":1,"1":1,"2":1,"3":0,"4":1,"5":1,"6":1,"7":1,"8":1,"9":1},"f":{},"b":{"0":[0,1]}}
,"/home/mircea/Desktop/universita/terzoAnno/ingegneria del software/progetto/proof-of-concept/proof-of-concept/API/SWEG-Traduzioni-api/src/services/dbtest.ts": {"path":"/home/mircea/Desktop/universita/terzoAnno/ingegneria del software/progetto/proof-of-concept/proof-of-concept/API/SWEG-Traduzioni-api/src/services/dbtest.ts","statementMap":{"0":{"start":{"line":1,"column":0},"end":{"line":1,"column":80}},"1":{"start":{"line":2,"column":0},"end":{"line":2,"column":59}},"2":{"start":{"line":4,"column":0},"end":{"line":4,"column":46}},"3":{"start":{"line":9,"column":25},"end":{"line":12,"column":6}},"4":{"start":{"line":13,"column":4},"end":{"line":13,"column":30}},"5":{"start":{"line":15,"column":4},"end":{"line":19,"column":null}},"6":{"start":{"line":16,"column":8},"end":{"line":16,"column":62}},"7":{"start":{"line":18,"column":8},"end":{"line":18,"column":18}},"8":{"start":{"line":20,"column":4},"end":{"line":20,"column":25}},"9":{"start":{"line":36,"column":9},"end":{"line":36,"column":18}},"10":{"start":{"line":22,"column":18},"end":{"line":35,"column":1}},"11":{"start":{"line":24,"column":36},"end":{"line":27,"column":6}},"12":{"start":{"line":28,"column":4},"end":{"line":34,"column":null}},"13":{"start":{"line":29,"column":23},"end":{"line":29,"column":70}},"14":{"start":{"line":30,"column":8},"end":{"line":30,"column":37}},"15":{"start":{"line":32,"column":8},"end":{"line":32,"column":40}},"16":{"start":{"line":33,"column":8},"end":{"line":33,"column":22}},"17":{"start":{"line":36,"column":20},"end":{"line":36,"column":29}}},"fnMap":{"0":{"name":"newTenant","decl":{"start":{"line":8,"column":15},"end":{"line":8,"column":24}},"loc":{"start":{"line":8,"column":39},"end":{"line":21,"column":1}}},"1":{"name":"(anonymous_1)","decl":{"start":{"line":22,"column":18},"end":{"line":22,"column":23}},"loc":{"start":{"line":22,"column":43},"end":{"line":35,"column":1}}}},"branchMap":{},"s":{"0":1,"1":1,"2":1,"3":1,"4":1,"5":1,"6":1,"7":1,"8":0,"9":1,"10":1,"11":0,"12":0,"13":0,"14":0,"15":0,"16":0,"17":1},"f":{"0":1,"1":0},"b":{}}
}
