TN:
SF:src/environement/environement.ts
FNF:0
FNH:0
DA:58,1
DA:88,1
LF:2
LH:2
BRF:0
BRH:0
end_of_record
TN:
SF:src/services/dbConnection.ts
FNF:0
FNH:0
DA:1,1
DA:2,1
DA:9,1
DA:10,0
DA:17,1
DA:25,1
DA:27,1
DA:36,1
DA:42,1
DA:47,1
LF:10
LH:9
BRDA:9,0,0,0
BRDA:9,0,1,1
BRF:2
BRH:1
end_of_record
TN:
SF:src/services/dbtest.ts
FN:8,newTenant
FN:22,(anonymous_1)
FNF:2
FNH:1
FNDA:1,newTenant
FNDA:0,(anonymous_1)
DA:1,1
DA:2,1
DA:4,1
DA:9,1
DA:13,1
DA:15,1
DA:16,1
DA:18,1
DA:20,0
DA:22,1
DA:24,0
DA:28,0
DA:29,0
DA:30,0
DA:32,0
DA:33,0
DA:36,1
LF:17
LH:10
BRF:0
BRH:0
end_of_record
